<?xml version="1.0" encoding="UTF-8"?>
<testsuite name="com.loisnel.gestorclaves.core.domain.MissionFSMTest" tests="3" skipped="0" failures="0" errors="0" timestamp="2026-07-16T11:52:40.025Z" hostname="aries" time="0.01">
  <properties/>
  <testcase name="ut024_only_issued_can_transition_to_active" classname="com.loisnel.gestorclaves.core.domain.MissionFSMTest" time="0.0"/>
  <testcase name="ut026_interrupted_recovers_to_issued_when_ttl_valid" classname="com.loisnel.gestorclaves.core.domain.MissionFSMTest" time="0.001"/>
  <testcase name="ut025_completed_and_failed_are_final_states" classname="com.loisnel.gestorclaves.core.domain.MissionFSMTest" time="0.009"/>
  <system-out><![CDATA[]]></system-out>
  <system-err><![CDATA[]]></system-err>
</testsuite>
