<?xml version="1.0" encoding="UTF-8"?>
<testsuite name="com.loisnel.gestorclaves.core.security.PentestSimulationTest" tests="4" skipped="0" failures="0" errors="0" timestamp="2026-07-16T13:53:17.912Z" hostname="aries" time="0.008">
  <properties/>
  <testcase name="ut050_extreme_clock_drift_rejected" classname="com.loisnel.gestorclaves.core.security.PentestSimulationTest" time="0.003"/>
  <testcase name="ut052_rbac_bypass_rejected_in_core" classname="com.loisnel.gestorclaves.core.security.PentestSimulationTest" time="0.002"/>
  <testcase name="ut051_downgrade_attack_rejected_in_check1" classname="com.loisnel.gestorclaves.core.security.PentestSimulationTest" time="0.001"/>
  <testcase name="ut049_qr_replay_rejected" classname="com.loisnel.gestorclaves.core.security.PentestSimulationTest" time="0.002"/>
  <system-out><![CDATA[]]></system-out>
  <system-err><![CDATA[]]></system-err>
</testsuite>
