<?xml version="1.0" encoding="UTF-8"?>
<testsuite name="com.loisnel.gestorclaves.core.crypto.TTLValidatorTest" tests="4" skipped="0" failures="0" errors="0" timestamp="2026-07-16T07:19:22.751Z" hostname="aries" time="0.004">
  <properties/>
  <testcase name="ut013_ttl_valid_future_expiry" classname="com.loisnel.gestorclaves.core.crypto.TTLValidatorTest" time="0.001"/>
  <testcase name="ut016_ttl_extreme_drift_outside_tolerance" classname="com.loisnel.gestorclaves.core.crypto.TTLValidatorTest" time="0.0"/>
  <testcase name="ut014_ttl_expired_no_tolerance" classname="com.loisnel.gestorclaves.core.crypto.TTLValidatorTest" time="0.0"/>
  <testcase name="ut015_ttl_expired_within_tolerance" classname="com.loisnel.gestorclaves.core.crypto.TTLValidatorTest" time="0.001"/>
  <system-out><![CDATA[]]></system-out>
  <system-err><![CDATA[]]></system-err>
</testsuite>
