<?xml version="1.0" encoding="UTF-8"?>
<testsuite name="com.loisnel.gestorclaves.core.mission.MissionFSMIntegrationTest" tests="2" skipped="0" failures="0" errors="0" timestamp="2026-07-16T13:53:17.598Z" hostname="aries" time="0.001">
  <properties/>
  <testcase name="ut038_interrupted_recovery_based_on_ttl" classname="com.loisnel.gestorclaves.core.mission.MissionFSMIntegrationTest" time="0.001"/>
  <testcase name="ut037_full_mission_cycle_issued_active_completed" classname="com.loisnel.gestorclaves.core.mission.MissionFSMIntegrationTest" time="0.0"/>
  <system-out><![CDATA[]]></system-out>
  <system-err><![CDATA[]]></system-err>
</testsuite>
